2023/04/19 10:28:47 [notice] 1#1: signal 3 (SIGQUIT) received, shutting down
2023/04/19 10:28:47 [notice] 28#28: gracefully shutting down
2023/04/19 10:28:47 [notice] 29#29: gracefully shutting down
2023/04/19 10:28:47 [notice] 33#33: gracefully shutting down
2023/04/19 10:28:47 [notice] 32#32: gracefully shutting down
2023/04/19 10:28:47 [notice] 30#30: gracefully shutting down
2023/04/19 10:28:47 [notice] 28#28: exiting
2023/04/19 10:28:47 [notice] 32#32: exiting
2023/04/19 10:28:47 [notice] 31#31: gracefully shutting down
2023/04/19 10:28:47 [notice] 34#34: gracefully shutting down
2023/04/19 10:28:47 [notice] 31#31: exiting
2023/04/19 10:28:47 [notice] 35#35: gracefully shutting down
2023/04/19 10:28:47 [notice] 35#35: exiting
2023/04/19 10:28:47 [notice] 30#30: exiting
2023/04/19 10:28:47 [notice] 33#33: exiting
2023/04/19 10:28:47 [notice] 29#29: exiting
2023/04/19 10:28:47 [notice] 34#34: exiting
2023/04/19 10:28:47 [notice] 1#1: signal 17 (SIGCHLD) received from 30
2023/04/19 10:28:47 [notice] 1#1: worker process 30 exited with code 0
2023/04/19 10:28:47 [notice] 1#1: signal 29 (SIGIO) received
2023/04/19 10:28:47 [notice] 1#1: signal 17 (SIGCHLD) received from 31
2023/04/19 10:28:47 [notice] 1#1: worker process 31 exited with code 0
2023/04/19 10:28:47 [notice] 1#1: signal 29 (SIGIO) received
2023/04/19 10:28:47 [notice] 1#1: signal 17 (SIGCHLD) received from 32
2023/04/19 10:28:47 [notice] 1#1: worker process 28 exited with code 0
2023/04/19 10:28:47 [notice] 1#1: worker process 32 exited with code 0
2023/04/19 10:28:47 [notice] 1#1: worker process 34 exited with code 0
2023/04/19 10:28:47 [notice] 1#1: signal 29 (SIGIO) received
2023/04/19 10:28:47 [notice] 1#1: signal 17 (SIGCHLD) received from 29
2023/04/19 10:28:47 [notice] 1#1: worker process 29 exited with code 0
2023/04/19 10:28:47 [notice] 1#1: signal 29 (SIGIO) received
2023/04/19 10:28:47 [notice] 1#1: signal 17 (SIGCHLD) received from 33
2023/04/19 10:28:47 [notice] 1#1: worker process 33 exited with code 0
2023/04/19 10:28:47 [notice] 1#1: signal 29 (SIGIO) received
2023/04/19 10:28:47 [notice] 1#1: signal 17 (SIGCHLD) received from 35
2023/04/19 10:28:47 [notice] 1#1: worker process 35 exited with code 0
2023/04/19 10:28:47 [notice] 1#1: exit
